<?xml version="1.0" encoding="UTF-8"?>
<!-- Generated by org.testng.reporters.JUnitReportReporter -->
<testsuite hostname="LAPTOP-1699KS6B" failures="0" tests="4" name="com.lely.CatalogDetailTest" time="32.560" errors="0" timestamp="2022-09-19T06:38:40 TRT" skipped="0">
  <testcase classname="com.lely.CatalogDetailTest" name="DisplayCatalogs" time="8.467"/>
  <system-out/>
  <testcase classname="com.lely.CatalogDetailTest" name="DownloadCatalog" time="11.548"/>
  <system-out/>
  <testcase classname="com.lely.CatalogDetailTest" name="Navigate" time="7.713"/>
  <system-out/>
  <testcase classname="com.lely.CatalogDetailTest" name="SelectCatalog" time="4.832"/>
  <system-out/>
</testsuite> <!-- com.lely.CatalogDetailTest -->
